This file contains any messages produced by compilers while
running configure, to aid debugging if configure makes a mistake.

It was created by file configure 5.45, which was
generated by GNU Autoconf 2.71.  Invocation command line was

  $ ./configure CC=wllvm --no-create --no-recursion

## --------- ##
## Platform. ##
## --------- ##

hostname = kansx-OptiPlex-7000
uname -m = x86_64
uname -r = 6.2.0-33-generic
uname -s = Linux
uname -v = #33~22.04.1-Ubuntu SMP PREEMPT_DYNAMIC Thu Sep  7 10:33:52 UTC 2

/usr/bin/uname -p = x86_64
/bin/uname -X     = unknown

/bin/arch              = x86_64
/usr/bin/arch -k       = unknown
/usr/convex/getsysinfo = unknown
/usr/bin/hostinfo      = unknown
/bin/machine           = unknown
/usr/bin/oslevel       = unknown
/bin/universe          = unknown

PATH: /home/kansx/node_modules/llvm-14.0.0.obj/bin/
PATH: /home/kansx/SVF-Tools/SVF-example/bin/
PATH: /home/kansx/SVF-Tools/SVF-example/bin/
PATH: /home/kansx/node_modules/llvm-14.0.0.obj/bin/
PATH: /home/kansx/node_modules/llvm-14.0.0.obj/bin/
PATH: /home/kansx/SVF-Tools/SVF-example/bin/
PATH: /home/kansx/SVF-Tools/SVF-example/bin/
PATH: /home/kansx/node_modules/llvm-14.0.0.obj/bin/
PATH: /home/kansx/node_modules/llvm-14.0.0.obj/bin/
PATH: /home/kansx/SVF-Tools/SVF-example/bin/
PATH: /home/kansx/SVF-Tools/SVF-example/bin/
PATH: /home/kansx/node_modules/llvm-14.0.0.obj/bin/
PATH: /home/kansx/node_modules/llvm-14.0.0.obj/bin/
PATH: /home/kansx/SVF-Tools/SVF-example/bin/
PATH: /home/kansx/SVF-Tools/SVF-example/bin/
PATH: /home/kansx/node_modules/llvm-14.0.0.obj/bin/
PATH: /home/kansx/node_modules/llvm-14.0.0.obj/bin/
PATH: /home/kansx/SVF-Tools/SVF-example/bin/
PATH: /home/kansx/SVF-Tools/SVF-example/bin/
PATH: /home/kansx/node_modules/llvm-14.0.0.obj/bin/
PATH: /home/kansx/SVF-Tools/SVF-example/bin/
PATH: /home/kansx/SVF-Tools/SVF-example/node_modules/llvm-14.0.0.obj/bin/
PATH: /home/kansx/.vscode-server/bin/6c3e3dba23e8fadc360aed75ce363ba185c49794/bin/remote-cli/
PATH: /usr/local/sbin/
PATH: /usr/local/bin/
PATH: /usr/sbin/
PATH: /usr/bin/
PATH: /sbin/
PATH: /bin/
PATH: /usr/games/
PATH: /usr/local/games/
PATH: /snap/bin/
PATH: /home/kansx/.local/share/JetBrains/Toolbox/scripts/


## ----------- ##
## Core tests. ##
## ----------- ##

configure:2746: looking for aux files: ltmain.sh compile config.guess config.sub missing install-sh
configure:2759:  trying ./
configure:2788:   ./ltmain.sh found
configure:2788:   ./compile found
configure:2788:   ./config.guess found
configure:2788:   ./config.sub found
configure:2788:   ./missing found
configure:2770:   ./install-sh found
configure:2917: checking for a BSD-compatible install
configure:2990: result: /usr/bin/install -c
configure:3001: checking whether build environment is sane
configure:3056: result: yes
configure:3215: checking for a race-free mkdir -p
configure:3259: result: /usr/bin/mkdir -p
configure:3266: checking for gawk
configure:3301: result: no
configure:3266: checking for mawk
configure:3287: found /usr/bin/mawk
configure:3298: result: mawk
configure:3309: checking whether make sets $(MAKE)
configure:3332: result: yes
configure:3362: checking whether make supports nested variables
configure:3380: result: yes
configure:3528: checking whether make supports nested variables
configure:3546: result: yes
configure:3562: checking for builtin ELF support
configure:3580: result: yes
configure:3589: checking for ELF core file support
configure:3607: result: yes
configure:3616: checking for zlib support
configure:3624: result: 
configure:3627: checking for bzlib support
configure:3635: result: 
configure:3638: checking for xzlib support
configure:3646: result: 
configure:3649: checking for zstdlib support
configure:3657: result: 
configure:3660: checking for lzlib support
configure:3668: result: 
configure:3671: checking for libseccomp support
configure:3679: result: 
configure:3682: checking for file formats in man section 5
configure:3699: result: no
configure:3712: checking build system type
configure:3727: result: x86_64-pc-linux-gnu
configure:3747: checking host system type
configure:3761: result: x86_64-pc-linux-gnu
configure:3875: checking for gcc
configure:3907: result: wllvm
configure:4260: checking for C compiler version
configure:4269: wllvm --version >&5
CRITICAL: No compiler set. Please set environment variable LLVM_COMPILER
WARNING:wllvm: exception case:  No compiler set. Please set environment variable %s
configure:4280: $? = 1
configure:4269: wllvm -v >&5
CRITICAL: No compiler set. Please set environment variable LLVM_COMPILER
WARNING:wllvm: exception case:  No compiler set. Please set environment variable %s
configure:4280: $? = 1
configure:4269: wllvm -V >&5
CRITICAL: No compiler set. Please set environment variable LLVM_COMPILER
WARNING:wllvm: exception case:  No compiler set. Please set environment variable %s
configure:4280: $? = 1
configure:4269: wllvm -qversion >&5
CRITICAL: No compiler set. Please set environment variable LLVM_COMPILER
WARNING:wllvm: exception case:  No compiler set. Please set environment variable %s
configure:4280: $? = 1
configure:4269: wllvm -version >&5
CRITICAL: No compiler set. Please set environment variable LLVM_COMPILER
WARNING:wllvm: exception case:  No compiler set. Please set environment variable %s
configure:4280: $? = 1
configure:4300: checking whether the C compiler works
configure:4322: wllvm    conftest.c  >&5
CRITICAL: No compiler set. Please set environment variable LLVM_COMPILER
WARNING:wllvm: exception case:  No compiler set. Please set environment variable %s
configure:4326: $? = 1
configure:4366: result: no
configure: failed program was:
| /* confdefs.h */
| #define PACKAGE_NAME "file"
| #define PACKAGE_TARNAME "file"
| #define PACKAGE_VERSION "5.45"
| #define PACKAGE_STRING "file 5.45"
| #define PACKAGE_BUGREPORT "christos@astron.com"
| #define PACKAGE_URL ""
| #define PACKAGE "file"
| #define VERSION "5.45"
| #define BUILTIN_ELF 1
| #define ELFCORE 1
| /* end confdefs.h.  */
| 
| int
| main (void)
| {
| 
|   ;
|   return 0;
| }
configure:4371: error: in `/home/kansx/Fuzz/APISpecFuzz/Library/libmagic/file-5.45':
configure:4373: error: C compiler cannot create executables
See `config.log' for more details

## ---------------- ##
## Cache variables. ##
## ---------------- ##

ac_cv_build=x86_64-pc-linux-gnu
ac_cv_env_CC_set=set
ac_cv_env_CC_value=wllvm
ac_cv_env_CFLAGS_set=
ac_cv_env_CFLAGS_value=
ac_cv_env_CPPFLAGS_set=
ac_cv_env_CPPFLAGS_value=
ac_cv_env_LDFLAGS_set=
ac_cv_env_LDFLAGS_value=
ac_cv_env_LIBS_set=
ac_cv_env_LIBS_value=
ac_cv_env_LT_SYS_LIBRARY_PATH_set=
ac_cv_env_LT_SYS_LIBRARY_PATH_value=
ac_cv_env_build_alias_set=
ac_cv_env_build_alias_value=
ac_cv_env_host_alias_set=
ac_cv_env_host_alias_value=
ac_cv_env_target_alias_set=
ac_cv_env_target_alias_value=
ac_cv_host=x86_64-pc-linux-gnu
ac_cv_path_install='/usr/bin/install -c'
ac_cv_path_mkdir=/usr/bin/mkdir
ac_cv_prog_AWK=mawk
ac_cv_prog_ac_ct_CC=wllvm
ac_cv_prog_make_make_set=yes
am_cv_make_support_nested_variables=yes

## ----------------- ##
## Output variables. ##
## ----------------- ##

ACLOCAL='${SHELL} '\''/home/kansx/Fuzz/APISpecFuzz/Library/libmagic/file-5.45/missing'\'' aclocal-1.16'
AMDEPBACKSLASH=''
AMDEP_FALSE=''
AMDEP_TRUE=''
AMTAR='$${TAR-tar}'
AM_BACKSLASH='\'
AM_DEFAULT_V='$(AM_DEFAULT_VERBOSITY)'
AM_DEFAULT_VERBOSITY='0'
AM_V='$(V)'
AR=''
AUTOCONF='${SHELL} '\''/home/kansx/Fuzz/APISpecFuzz/Library/libmagic/file-5.45/missing'\'' autoconf'
AUTOHEADER='${SHELL} '\''/home/kansx/Fuzz/APISpecFuzz/Library/libmagic/file-5.45/missing'\'' autoheader'
AUTOMAKE='${SHELL} '\''/home/kansx/Fuzz/APISpecFuzz/Library/libmagic/file-5.45/missing'\'' automake-1.16'
AWK='mawk'
CC='wllvm'
CCDEPMODE=''
CFLAGS=''
CFLAG_VISIBILITY=''
CPPFLAGS=''
CSCOPE='cscope'
CTAGS='ctags'
CYGPATH_W='echo'
DEFS=''
DEPDIR=''
DLLTOOL=''
DSYMUTIL=''
DUMPBIN=''
ECHO_C=''
ECHO_N='-n'
ECHO_T=''
EGREP=''
ETAGS='etags'
EXEEXT=''
FGREP=''
FSECT5_FALSE=''
FSECT5_TRUE='#'
GREP=''
HAVE_VISIBILITY=''
INSTALL_DATA='${INSTALL} -m 644'
INSTALL_PROGRAM='${INSTALL}'
INSTALL_SCRIPT='${INSTALL}'
INSTALL_STRIP_PROGRAM='$(install_sh) -c -s'
IS_CROSS_COMPILE_FALSE=''
IS_CROSS_COMPILE_TRUE=''
LD=''
LDFLAGS=''
LIBOBJS=''
LIBS=''
LIBTOOL=''
LIPO=''
LN_S=''
LTLIBOBJS=''
LT_SYS_LIBRARY_PATH=''
MAKEINFO='${SHELL} '\''/home/kansx/Fuzz/APISpecFuzz/Library/libmagic/file-5.45/missing'\'' makeinfo'
MANIFEST_TOOL=''
MINGW='0'
MINGW_FALSE=''
MINGW_TRUE='#'
MKDIR_P='/usr/bin/mkdir -p'
NM=''
NMEDIT=''
OBJDUMP=''
OBJEXT=''
OTOOL64=''
OTOOL=''
PACKAGE='file'
PACKAGE_BUGREPORT='christos@astron.com'
PACKAGE_NAME='file'
PACKAGE_STRING='file 5.45'
PACKAGE_TARNAME='file'
PACKAGE_URL=''
PACKAGE_VERSION='5.45'
PATH_SEPARATOR=':'
RANLIB=''
SED=''
SET_MAKE=''
SHELL='/bin/bash'
STRIP=''
VERSION='5.45'
WARNINGS=''
ac_ct_AR=''
ac_ct_CC='wllvm'
ac_ct_DUMPBIN=''
am__EXEEXT_FALSE=''
am__EXEEXT_TRUE=''
am__fastdepCC_FALSE=''
am__fastdepCC_TRUE=''
am__include=''
am__isrc=''
am__leading_dot='.'
am__nodep=''
am__quote=''
am__tar='$${TAR-tar} chof - "$$tardir"'
am__untar='$${TAR-tar} xf -'
bindir='${exec_prefix}/bin'
build='x86_64-pc-linux-gnu'
build_alias=''
build_cpu='x86_64'
build_os='linux-gnu'
build_vendor='pc'
datadir='${datarootdir}'
datarootdir='${prefix}/share'
docdir='${datarootdir}/doc/${PACKAGE_TARNAME}'
dvidir='${docdir}'
exec_prefix='NONE'
fsect='4'
host='x86_64-pc-linux-gnu'
host_alias=''
host_cpu='x86_64'
host_os='linux-gnu'
host_vendor='pc'
htmldir='${docdir}'
includedir='${prefix}/include'
infodir='${datarootdir}/info'
install_sh='${SHELL} /home/kansx/Fuzz/APISpecFuzz/Library/libmagic/file-5.45/install-sh'
libdir='${exec_prefix}/lib'
libexecdir='${exec_prefix}/libexec'
localedir='${datarootdir}/locale'
localstatedir='${prefix}/var'
mandir='${datarootdir}/man'
mkdir_p='$(MKDIR_P)'
oldincludedir='/usr/include'
pdfdir='${docdir}'
pkgdatadir='$(datadir)/misc'
prefix='NONE'
program_transform_name='s,x,x,'
psdir='${docdir}'
runstatedir='${localstatedir}/run'
sbindir='${exec_prefix}/sbin'
sharedstatedir='${prefix}/com'
sysconfdir='${prefix}/etc'
target_alias=''

## ----------- ##
## confdefs.h. ##
## ----------- ##

/* confdefs.h */
#define PACKAGE_NAME "file"
#define PACKAGE_TARNAME "file"
#define PACKAGE_VERSION "5.45"
#define PACKAGE_STRING "file 5.45"
#define PACKAGE_BUGREPORT "christos@astron.com"
#define PACKAGE_URL ""
#define PACKAGE "file"
#define VERSION "5.45"
#define BUILTIN_ELF 1
#define ELFCORE 1

configure: exit 77
