This file contains any messages produced by compilers while
running configure, to aid debugging if configure makes a mistake.

It was created by PCRE configure 8.45, which was
generated by GNU Autoconf 2.71.  Invocation command line was

  $ ./configure CC=wllvm --no-create --no-recursion

## --------- ##
## Platform. ##
## --------- ##

hostname = kansx-OptiPlex-7000
uname -m = x86_64
uname -r = 6.2.0-33-generic
uname -s = Linux
uname -v = #33~22.04.1-Ubuntu SMP PREEMPT_DYNAMIC Thu Sep  7 10:33:52 UTC 2

/usr/bin/uname -p = x86_64
/bin/uname -X     = unknown

/bin/arch              = x86_64
/usr/bin/arch -k       = unknown
/usr/convex/getsysinfo = unknown
/usr/bin/hostinfo      = unknown
/bin/machine           = unknown
/usr/bin/oslevel       = unknown
/bin/universe          = unknown

PATH: /usr/local/sbin/
PATH: /usr/local/bin/
PATH: /usr/sbin/
PATH: /usr/bin/
PATH: /sbin/
PATH: /bin/
PATH: /usr/games/
PATH: /usr/local/games/
PATH: /snap/bin/
PATH: /snap/bin/
PATH: /home/kansx/.local/share/JetBrains/Toolbox/scripts/


## ----------- ##
## Core tests. ##
## ----------- ##

configure:3090: looking for aux files: ltmain.sh config.guess config.sub compile ar-lib missing install-sh
configure:3103:  trying ./
configure:3132:   ./ltmain.sh found
configure:3132:   ./config.guess found
configure:3132:   ./config.sub found
configure:3132:   ./compile found
configure:3132:   ./ar-lib found
configure:3132:   ./missing found
configure:3114:   ./install-sh found
configure:3262: checking for a BSD-compatible install
configure:3335: result: /usr/bin/install -c
configure:3346: checking whether build environment is sane
configure:3401: result: yes
configure:3560: checking for a race-free mkdir -p
configure:3604: result: /usr/bin/mkdir -p
configure:3611: checking for gawk
configure:3646: result: no
configure:3611: checking for mawk
configure:3632: found /usr/bin/mawk
configure:3643: result: mawk
configure:3654: checking whether make sets $(MAKE)
configure:3677: result: yes
configure:3707: checking whether make supports nested variables
configure:3725: result: yes
configure:3873: checking whether make supports nested variables
configure:3891: result: yes
configure:3919: checking whether make supports the include directive
configure:3934: make -f confmf.GNU && cat confinc.out
make[1]: Entering directory '/home/kansx/Downloads/pcre-8.45'
make[1]: Leaving directory '/home/kansx/Downloads/pcre-8.45'
this is the am__doit target
configure:3937: $? = 0
configure:3956: result: yes (GNU style)
configure:4032: checking for gcc
configure:4064: result: wllvm
configure:4417: checking for C compiler version
configure:4426: wllvm --version >&5
CRITICAL: No compiler set. Please set environment variable LLVM_COMPILER
WARNING:wllvm: exception case:  No compiler set. Please set environment variable %s
configure:4437: $? = 1
configure:4426: wllvm -v >&5
CRITICAL: No compiler set. Please set environment variable LLVM_COMPILER
WARNING:wllvm: exception case:  No compiler set. Please set environment variable %s
configure:4437: $? = 1
configure:4426: wllvm -V >&5
CRITICAL: No compiler set. Please set environment variable LLVM_COMPILER
WARNING:wllvm: exception case:  No compiler set. Please set environment variable %s
configure:4437: $? = 1
configure:4426: wllvm -qversion >&5
CRITICAL: No compiler set. Please set environment variable LLVM_COMPILER
WARNING:wllvm: exception case:  No compiler set. Please set environment variable %s
configure:4437: $? = 1
configure:4426: wllvm -version >&5
CRITICAL: No compiler set. Please set environment variable LLVM_COMPILER
WARNING:wllvm: exception case:  No compiler set. Please set environment variable %s
configure:4437: $? = 1
configure:4457: checking whether the C compiler works
configure:4479: wllvm    conftest.c  >&5
CRITICAL: No compiler set. Please set environment variable LLVM_COMPILER
WARNING:wllvm: exception case:  No compiler set. Please set environment variable %s
configure:4483: $? = 1
configure:4523: result: no
configure: failed program was:
| /* confdefs.h */
| #define PACKAGE_NAME "PCRE"
| #define PACKAGE_TARNAME "pcre"
| #define PACKAGE_VERSION "8.45"
| #define PACKAGE_STRING "PCRE 8.45"
| #define PACKAGE_BUGREPORT ""
| #define PACKAGE_URL ""
| #define PACKAGE "pcre"
| #define VERSION "8.45"
| /* end confdefs.h.  */
| 
| int
| main (void)
| {
| 
|   ;
|   return 0;
| }
configure:4528: error: in `/home/kansx/Downloads/pcre-8.45':
configure:4530: error: C compiler cannot create executables
See `config.log' for more details

## ---------------- ##
## Cache variables. ##
## ---------------- ##

ac_cv_env_CCC_set=
ac_cv_env_CCC_value=
ac_cv_env_CC_set=set
ac_cv_env_CC_value=wllvm
ac_cv_env_CFLAGS_set=
ac_cv_env_CFLAGS_value=
ac_cv_env_CPPFLAGS_set=
ac_cv_env_CPPFLAGS_value=
ac_cv_env_CXXCPP_set=
ac_cv_env_CXXCPP_value=
ac_cv_env_CXXFLAGS_set=
ac_cv_env_CXXFLAGS_value=
ac_cv_env_CXX_set=
ac_cv_env_CXX_value=
ac_cv_env_GENHTML_set=
ac_cv_env_GENHTML_value=
ac_cv_env_LCOV_set=
ac_cv_env_LCOV_value=
ac_cv_env_LDFLAGS_set=
ac_cv_env_LDFLAGS_value=
ac_cv_env_LIBS_set=
ac_cv_env_LIBS_value=
ac_cv_env_LT_SYS_LIBRARY_PATH_set=
ac_cv_env_LT_SYS_LIBRARY_PATH_value=
ac_cv_env_PKG_CONFIG_LIBDIR_set=
ac_cv_env_PKG_CONFIG_LIBDIR_value=
ac_cv_env_PKG_CONFIG_PATH_set=
ac_cv_env_PKG_CONFIG_PATH_value=
ac_cv_env_PKG_CONFIG_set=
ac_cv_env_PKG_CONFIG_value=
ac_cv_env_VALGRIND_CFLAGS_set=
ac_cv_env_VALGRIND_CFLAGS_value=
ac_cv_env_VALGRIND_LIBS_set=
ac_cv_env_VALGRIND_LIBS_value=
ac_cv_env_build_alias_set=
ac_cv_env_build_alias_value=
ac_cv_env_host_alias_set=
ac_cv_env_host_alias_value=
ac_cv_env_target_alias_set=
ac_cv_env_target_alias_value=
ac_cv_path_install='/usr/bin/install -c'
ac_cv_path_mkdir=/usr/bin/mkdir
ac_cv_prog_AWK=mawk
ac_cv_prog_ac_ct_CC=wllvm
ac_cv_prog_make_make_set=yes
am_cv_make_support_nested_variables=yes

## ----------------- ##
## Output variables. ##
## ----------------- ##

ACLOCAL='${SHELL} '\''/home/kansx/Downloads/pcre-8.45/missing'\'' aclocal-1.16'
AMDEPBACKSLASH='\'
AMDEP_FALSE='#'
AMDEP_TRUE=''
AMTAR='$${TAR-tar}'
AM_BACKSLASH='\'
AM_DEFAULT_V='$(AM_DEFAULT_VERBOSITY)'
AM_DEFAULT_VERBOSITY='0'
AM_V='$(V)'
AR=''
AS=''
AUTOCONF='${SHELL} '\''/home/kansx/Downloads/pcre-8.45/missing'\'' autoconf'
AUTOHEADER='${SHELL} '\''/home/kansx/Downloads/pcre-8.45/missing'\'' autoheader'
AUTOMAKE='${SHELL} '\''/home/kansx/Downloads/pcre-8.45/missing'\'' automake-1.16'
AWK='mawk'
CC='wllvm'
CCDEPMODE=''
CFLAGS=''
CPPFLAGS=''
CSCOPE='cscope'
CTAGS='ctags'
CXX=''
CXXCPP=''
CXXDEPMODE=''
CXXFLAGS=''
CYGPATH_W='echo'
DEFS=''
DEPDIR='.deps'
DISTCHECK_CONFIGURE_FLAGS=''
DLLTOOL=''
DSYMUTIL=''
DUMPBIN=''
ECHO_C=''
ECHO_N='-n'
ECHO_T=''
EGREP=''
ETAGS='etags'
EXEEXT=''
EXTRA_LIBPCRE16_LDFLAGS=''
EXTRA_LIBPCRE32_LDFLAGS=''
EXTRA_LIBPCRECPP_LDFLAGS=''
EXTRA_LIBPCREPOSIX_LDFLAGS=''
EXTRA_LIBPCRE_LDFLAGS=''
FGREP=''
GCOV_CFLAGS=''
GCOV_CXXFLAGS=''
GCOV_LIBS=''
GENHTML=''
GREP=''
HAVE_VISIBILITY=''
INSTALL_DATA='${INSTALL} -m 644'
INSTALL_PROGRAM='${INSTALL}'
INSTALL_SCRIPT='${INSTALL}'
INSTALL_STRIP_PROGRAM='$(install_sh) -c -s'
LCOV=''
LD=''
LDFLAGS=''
LIBBZ2=''
LIBOBJS=''
LIBREADLINE=''
LIBS=''
LIBTOOL=''
LIBZ=''
LIPO=''
LN_S=''
LTLIBOBJS=''
LT_SYS_LIBRARY_PATH=''
MAKEINFO='${SHELL} '\''/home/kansx/Downloads/pcre-8.45/missing'\'' makeinfo'
MANIFEST_TOOL=''
MKDIR_P='/usr/bin/mkdir -p'
NM=''
NMEDIT=''
OBJDUMP=''
OBJEXT=''
OTOOL64=''
OTOOL=''
PACKAGE='pcre'
PACKAGE_BUGREPORT=''
PACKAGE_NAME='PCRE'
PACKAGE_STRING='PCRE 8.45'
PACKAGE_TARNAME='pcre'
PACKAGE_URL=''
PACKAGE_VERSION='8.45'
PATH_SEPARATOR=':'
PCRE_DATE=''
PCRE_MAJOR=''
PCRE_MINOR=''
PCRE_PRERELEASE=''
PCRE_STATIC_CFLAG=''
PKG_CONFIG=''
PKG_CONFIG_LIBDIR=''
PKG_CONFIG_PATH=''
PTHREAD_CC=''
PTHREAD_CFLAGS=''
PTHREAD_LIBS=''
RANLIB=''
SED=''
SET_MAKE=''
SHELL='/bin/bash'
SHTOOL=''
STRIP=''
VALGRIND_CFLAGS=''
VALGRIND_LIBS=''
VERSION='8.45'
VISIBILITY_CFLAGS=''
VISIBILITY_CXXFLAGS=''
WITH_GCOV_FALSE=''
WITH_GCOV_TRUE=''
WITH_JIT_FALSE=''
WITH_JIT_TRUE=''
WITH_PCRE16_FALSE=''
WITH_PCRE16_TRUE=''
WITH_PCRE32_FALSE=''
WITH_PCRE32_TRUE=''
WITH_PCRE8_FALSE=''
WITH_PCRE8_TRUE=''
WITH_PCRE_CPP_FALSE=''
WITH_PCRE_CPP_TRUE=''
WITH_REBUILD_CHARTABLES_FALSE=''
WITH_REBUILD_CHARTABLES_TRUE=''
WITH_UTF_FALSE=''
WITH_UTF_TRUE=''
WITH_VALGRIND_FALSE=''
WITH_VALGRIND_TRUE=''
ac_ct_AR=''
ac_ct_CC='wllvm'
ac_ct_CXX=''
ac_ct_DUMPBIN=''
am__EXEEXT_FALSE=''
am__EXEEXT_TRUE=''
am__fastdepCC_FALSE=''
am__fastdepCC_TRUE=''
am__fastdepCXX_FALSE=''
am__fastdepCXX_TRUE=''
am__include='include'
am__isrc=''
am__leading_dot='.'
am__nodep='_no'
am__quote=''
am__tar='$${TAR-tar} chof - "$$tardir"'
am__untar='$${TAR-tar} xf -'
ax_pthread_config=''
bindir='${exec_prefix}/bin'
build=''
build_alias=''
build_cpu=''
build_os=''
build_vendor=''
datadir='${datarootdir}'
datarootdir='${prefix}/share'
docdir='${datarootdir}/doc/${PACKAGE_TARNAME}'
dvidir='${docdir}'
enable_cpp=''
enable_pcre16=''
enable_pcre32=''
enable_pcre8=''
exec_prefix='NONE'
host=''
host_alias=''
host_cpu=''
host_os=''
host_vendor=''
htmldir='${docdir}'
includedir='${prefix}/include'
infodir='${datarootdir}/info'
install_sh='${SHELL} /home/kansx/Downloads/pcre-8.45/install-sh'
libdir='${exec_prefix}/lib'
libexecdir='${exec_prefix}/libexec'
localedir='${datarootdir}/locale'
localstatedir='${prefix}/var'
mandir='${datarootdir}/man'
mkdir_p='$(MKDIR_P)'
oldincludedir='/usr/include'
pcre_have_bits_type_traits=''
pcre_have_long_long=''
pcre_have_type_traits=''
pcre_have_ulong_long=''
pdfdir='${docdir}'
prefix='NONE'
program_transform_name='s,x,x,'
psdir='${docdir}'
runstatedir='${localstatedir}/run'
sbindir='${exec_prefix}/sbin'
sharedstatedir='${prefix}/com'
sysconfdir='${prefix}/etc'
target_alias=''

## ----------- ##
## confdefs.h. ##
## ----------- ##

/* confdefs.h */
#define PACKAGE_NAME "PCRE"
#define PACKAGE_TARNAME "pcre"
#define PACKAGE_VERSION "8.45"
#define PACKAGE_STRING "PCRE 8.45"
#define PACKAGE_BUGREPORT ""
#define PACKAGE_URL ""
#define PACKAGE "pcre"
#define VERSION "8.45"

configure: exit 77
