The system is: Linux - 6.2.0-33-generic - x86_64
Compiling the C compiler identification source file "CMakeCCompilerId.c" succeeded.
Compiler: /usr/local/bin/wllvm 
Build flags: 
Id flags:  

The output was:
0


Compilation of the C compiler identification source "CMakeCCompilerId.c" produced ".CMakeCCompilerId.o"

Compilation of the C compiler identification source "CMakeCCompilerId.c" produced ".CMakeCCompilerId.o.bc"

Compilation of the C compiler identification source "CMakeCCompilerId.c" produced "a.out"

The C compiler identification is Clang, found in "/home/kansx/Downloads/libpng-1.6.40/CMakeFiles/3.22.1/CompilerIdC/.CMakeCCompilerId.o"

Checking whether the ASM compiler is Clang using "--version" matched "(clang version)":
clang version 14.0.0
Target: x86_64-unknown-linux-gnu
Thread model: posix
InstalledDir: /home/kansx/node_modules/llvm-14.0.0.obj/bin
Detecting C compiler ABI info compiled with the following output:
Change Dir: /home/kansx/Downloads/libpng-1.6.40/CMakeFiles/CMakeTmp

Run Build Command(s):/usr/bin/gmake -f Makefile cmTC_9912b/fast && /usr/bin/gmake  -f CMakeFiles/cmTC_9912b.dir/build.make CMakeFiles/cmTC_9912b.dir/build
gmake[1]: Entering directory '/home/kansx/Downloads/libpng-1.6.40/CMakeFiles/CMakeTmp'
Building C object CMakeFiles/cmTC_9912b.dir/CMakeCCompilerABI.c.o
/usr/local/bin/wllvm   -v -MD -MT CMakeFiles/cmTC_9912b.dir/CMakeCCompilerABI.c.o -MF CMakeFiles/cmTC_9912b.dir/CMakeCCompilerABI.c.o.d -o CMakeFiles/cmTC_9912b.dir/CMakeCCompilerABI.c.o -c /usr/share/cmake-3.22/Modules/CMakeCCompilerABI.c
clang version 14.0.0
Target: x86_64-unknown-linux-gnu
Thread model: posix
InstalledDir: /home/kansx/node_modules/llvm-14.0.0.obj/bin
Found candidate GCC installation: /usr/lib/gcc/x86_64-linux-gnu/11
Selected GCC installation: /usr/lib/gcc/x86_64-linux-gnu/11
Candidate multilib: .;@m64
Selected multilib: .;@m64
 (in-process)
 "/home/kansx/node_modules/llvm-14.0.0.obj/bin/clang-14" -cc1 -triple x86_64-unknown-linux-gnu -emit-obj -mrelax-all --mrelax-relocations -disable-free -clear-ast-before-backend -disable-llvm-verifier -discard-value-names -main-file-name CMakeCCompilerABI.c -mrelocation-model static -mframe-pointer=all -fmath-errno -ffp-contract=on -fno-rounding-math -mconstructor-aliases -funwind-tables=2 -target-cpu x86-64 -tune-cpu generic -mllvm -treat-scalable-fixed-error-as-warning -debugger-tuning=gdb -v -fcoverage-compilation-dir=/home/kansx/Downloads/libpng-1.6.40/CMakeFiles/CMakeTmp -resource-dir /home/kansx/node_modules/llvm-14.0.0.obj/lib/clang/14.0.0 -dependency-file CMakeFiles/cmTC_9912b.dir/CMakeCCompilerABI.c.o.d -MT CMakeFiles/cmTC_9912b.dir/CMakeCCompilerABI.c.o -sys-header-deps -internal-isystem /home/kansx/node_modules/llvm-14.0.0.obj/lib/clang/14.0.0/include -internal-isystem /usr/local/include -internal-isystem /usr/lib/gcc/x86_64-linux-gnu/11/../../../../x86_64-linux-gnu/include -internal-externc-isystem /usr/include/x86_64-linux-gnu -internal-externc-isystem /include -internal-externc-isystem /usr/include -fdebug-compilation-dir=/home/kansx/Downloads/libpng-1.6.40/CMakeFiles/CMakeTmp -ferror-limit 19 -fgnuc-version=4.2.1 -faddrsig -D__GCC_HAVE_DWARF2_CFI_ASM=1 -o CMakeFiles/cmTC_9912b.dir/CMakeCCompilerABI.c.o -x c /usr/share/cmake-3.22/Modules/CMakeCCompilerABI.c
clang -cc1 version 14.0.0 based upon LLVM 14.0.0 default target x86_64-unknown-linux-gnu
ignoring nonexistent directory "/usr/lib/gcc/x86_64-linux-gnu/11/../../../../x86_64-linux-gnu/include"
ignoring nonexistent directory "/include"
#include "..." search starts here:
#include <...> search starts here:
 /home/kansx/node_modules/llvm-14.0.0.obj/lib/clang/14.0.0/include
 /usr/local/include
 /usr/include/x86_64-linux-gnu
 /usr/include
End of search list.
Linking C executable cmTC_9912b
/usr/bin/cmake -E cmake_link_script CMakeFiles/cmTC_9912b.dir/link.txt --verbose=1
/usr/local/bin/wllvm  -v -rdynamic CMakeFiles/cmTC_9912b.dir/CMakeCCompilerABI.c.o -o cmTC_9912b 
clang version 14.0.0
Target: x86_64-unknown-linux-gnu
Thread model: posix
InstalledDir: /home/kansx/node_modules/llvm-14.0.0.obj/bin
Found candidate GCC installation: /usr/lib/gcc/x86_64-linux-gnu/11
Selected GCC installation: /usr/lib/gcc/x86_64-linux-gnu/11
Candidate multilib: .;@m64
Selected multilib: .;@m64
 "/usr/bin/ld" -export-dynamic -z relro --hash-style=gnu --eh-frame-hdr -m elf_x86_64 -export-dynamic -dynamic-linker /lib64/ld-linux-x86-64.so.2 -o cmTC_9912b /lib/x86_64-linux-gnu/crt1.o /lib/x86_64-linux-gnu/crti.o /usr/lib/gcc/x86_64-linux-gnu/11/crtbegin.o -L/home/kansx/node_modules/llvm-14.0.0.obj/bin/../lib/x86_64-unknown-linux-gnu -L/usr/lib/gcc/x86_64-linux-gnu/11 -L/usr/lib/gcc/x86_64-linux-gnu/11/../../../../lib64 -L/lib/x86_64-linux-gnu -L/lib/../lib64 -L/usr/lib/x86_64-linux-gnu -L/usr/lib/../lib64 -L/home/kansx/node_modules/llvm-14.0.0.obj/bin/../lib -L/lib -L/usr/lib CMakeFiles/cmTC_9912b.dir/CMakeCCompilerABI.c.o -lgcc --as-needed -lgcc_s --no-as-needed -lc -lgcc --as-needed -lgcc_s --no-as-needed /usr/lib/gcc/x86_64-linux-gnu/11/crtend.o /lib/x86_64-linux-gnu/crtn.o
gmake[1]: Leaving directory '/home/kansx/Downloads/libpng-1.6.40/CMakeFiles/CMakeTmp'



Parsed C implicit include dir info from above output: rv=done
  found start of include info
  found start of implicit include info
    add: [/home/kansx/node_modules/llvm-14.0.0.obj/lib/clang/14.0.0/include]
    add: [/usr/local/include]
    add: [/usr/include/x86_64-linux-gnu]
    add: [/usr/include]
  end of search list found
  collapse include dir [/home/kansx/node_modules/llvm-14.0.0.obj/lib/clang/14.0.0/include] ==> [/home/kansx/node_modules/llvm-14.0.0.obj/lib/clang/14.0.0/include]
  collapse include dir [/usr/local/include] ==> [/usr/local/include]
  collapse include dir [/usr/include/x86_64-linux-gnu] ==> [/usr/include/x86_64-linux-gnu]
  collapse include dir [/usr/include] ==> [/usr/include]
  implicit include dirs: [/home/kansx/node_modules/llvm-14.0.0.obj/lib/clang/14.0.0/include;/usr/local/include;/usr/include/x86_64-linux-gnu;/usr/include]


Parsed C implicit link information from above output:
  link line regex: [^( *|.*[/\])(ld\.lld|CMAKE_LINK_STARTFILE-NOTFOUND|([^/\]+-)?ld|collect2)[^/\]*( |$)]
  ignore line: [Change Dir: /home/kansx/Downloads/libpng-1.6.40/CMakeFiles/CMakeTmp]
  ignore line: []
  ignore line: [Run Build Command(s):/usr/bin/gmake -f Makefile cmTC_9912b/fast && /usr/bin/gmake  -f CMakeFiles/cmTC_9912b.dir/build.make CMakeFiles/cmTC_9912b.dir/build]
  ignore line: [gmake[1]: Entering directory '/home/kansx/Downloads/libpng-1.6.40/CMakeFiles/CMakeTmp']
  ignore line: [Building C object CMakeFiles/cmTC_9912b.dir/CMakeCCompilerABI.c.o]
  ignore line: [/usr/local/bin/wllvm   -v -MD -MT CMakeFiles/cmTC_9912b.dir/CMakeCCompilerABI.c.o -MF CMakeFiles/cmTC_9912b.dir/CMakeCCompilerABI.c.o.d -o CMakeFiles/cmTC_9912b.dir/CMakeCCompilerABI.c.o -c /usr/share/cmake-3.22/Modules/CMakeCCompilerABI.c]
  ignore line: [clang version 14.0.0]
  ignore line: [Target: x86_64-unknown-linux-gnu]
  ignore line: [Thread model: posix]
  ignore line: [InstalledDir: /home/kansx/node_modules/llvm-14.0.0.obj/bin]
  ignore line: [Found candidate GCC installation: /usr/lib/gcc/x86_64-linux-gnu/11]
  ignore line: [Selected GCC installation: /usr/lib/gcc/x86_64-linux-gnu/11]
  ignore line: [Candidate multilib: .]
  ignore line: [@m64]
  ignore line: [Selected multilib: .]
  ignore line: [@m64]
  ignore line: [ (in-process)]
  ignore line: [ "/home/kansx/node_modules/llvm-14.0.0.obj/bin/clang-14" -cc1 -triple x86_64-unknown-linux-gnu -emit-obj -mrelax-all --mrelax-relocations -disable-free -clear-ast-before-backend -disable-llvm-verifier -discard-value-names -main-file-name CMakeCCompilerABI.c -mrelocation-model static -mframe-pointer=all -fmath-errno -ffp-contract=on -fno-rounding-math -mconstructor-aliases -funwind-tables=2 -target-cpu x86-64 -tune-cpu generic -mllvm -treat-scalable-fixed-error-as-warning -debugger-tuning=gdb -v -fcoverage-compilation-dir=/home/kansx/Downloads/libpng-1.6.40/CMakeFiles/CMakeTmp -resource-dir /home/kansx/node_modules/llvm-14.0.0.obj/lib/clang/14.0.0 -dependency-file CMakeFiles/cmTC_9912b.dir/CMakeCCompilerABI.c.o.d -MT CMakeFiles/cmTC_9912b.dir/CMakeCCompilerABI.c.o -sys-header-deps -internal-isystem /home/kansx/node_modules/llvm-14.0.0.obj/lib/clang/14.0.0/include -internal-isystem /usr/local/include -internal-isystem /usr/lib/gcc/x86_64-linux-gnu/11/../../../../x86_64-linux-gnu/include -internal-externc-isystem /usr/include/x86_64-linux-gnu -internal-externc-isystem /include -internal-externc-isystem /usr/include -fdebug-compilation-dir=/home/kansx/Downloads/libpng-1.6.40/CMakeFiles/CMakeTmp -ferror-limit 19 -fgnuc-version=4.2.1 -faddrsig -D__GCC_HAVE_DWARF2_CFI_ASM=1 -o CMakeFiles/cmTC_9912b.dir/CMakeCCompilerABI.c.o -x c /usr/share/cmake-3.22/Modules/CMakeCCompilerABI.c]
  ignore line: [clang -cc1 version 14.0.0 based upon LLVM 14.0.0 default target x86_64-unknown-linux-gnu]
  ignore line: [ignoring nonexistent directory "/usr/lib/gcc/x86_64-linux-gnu/11/../../../../x86_64-linux-gnu/include"]
  ignore line: [ignoring nonexistent directory "/include"]
  ignore line: [#include "..." search starts here:]
  ignore line: [#include <...> search starts here:]
  ignore line: [ /home/kansx/node_modules/llvm-14.0.0.obj/lib/clang/14.0.0/include]
  ignore line: [ /usr/local/include]
  ignore line: [ /usr/include/x86_64-linux-gnu]
  ignore line: [ /usr/include]
  ignore line: [End of search list.]
  ignore line: [Linking C executable cmTC_9912b]
  ignore line: [/usr/bin/cmake -E cmake_link_script CMakeFiles/cmTC_9912b.dir/link.txt --verbose=1]
  ignore line: [/usr/local/bin/wllvm  -v -rdynamic CMakeFiles/cmTC_9912b.dir/CMakeCCompilerABI.c.o -o cmTC_9912b ]
  ignore line: [clang version 14.0.0]
  ignore line: [Target: x86_64-unknown-linux-gnu]
  ignore line: [Thread model: posix]
  ignore line: [InstalledDir: /home/kansx/node_modules/llvm-14.0.0.obj/bin]
  ignore line: [Found candidate GCC installation: /usr/lib/gcc/x86_64-linux-gnu/11]
  ignore line: [Selected GCC installation: /usr/lib/gcc/x86_64-linux-gnu/11]
  ignore line: [Candidate multilib: .]
  ignore line: [@m64]
  ignore line: [Selected multilib: .]
  ignore line: [@m64]
  link line: [ "/usr/bin/ld" -export-dynamic -z relro --hash-style=gnu --eh-frame-hdr -m elf_x86_64 -export-dynamic -dynamic-linker /lib64/ld-linux-x86-64.so.2 -o cmTC_9912b /lib/x86_64-linux-gnu/crt1.o /lib/x86_64-linux-gnu/crti.o /usr/lib/gcc/x86_64-linux-gnu/11/crtbegin.o -L/home/kansx/node_modules/llvm-14.0.0.obj/bin/../lib/x86_64-unknown-linux-gnu -L/usr/lib/gcc/x86_64-linux-gnu/11 -L/usr/lib/gcc/x86_64-linux-gnu/11/../../../../lib64 -L/lib/x86_64-linux-gnu -L/lib/../lib64 -L/usr/lib/x86_64-linux-gnu -L/usr/lib/../lib64 -L/home/kansx/node_modules/llvm-14.0.0.obj/bin/../lib -L/lib -L/usr/lib CMakeFiles/cmTC_9912b.dir/CMakeCCompilerABI.c.o -lgcc --as-needed -lgcc_s --no-as-needed -lc -lgcc --as-needed -lgcc_s --no-as-needed /usr/lib/gcc/x86_64-linux-gnu/11/crtend.o /lib/x86_64-linux-gnu/crtn.o]
    arg [/usr/bin/ld] ==> ignore
    arg [-export-dynamic] ==> ignore
    arg [-zrelro] ==> ignore
    arg [--hash-style=gnu] ==> ignore
    arg [--eh-frame-hdr] ==> ignore
    arg [-m] ==> ignore
    arg [elf_x86_64] ==> ignore
    arg [-export-dynamic] ==> ignore
    arg [-dynamic-linker] ==> ignore
    arg [/lib64/ld-linux-x86-64.so.2] ==> ignore
    arg [-o] ==> ignore
    arg [cmTC_9912b] ==> ignore
    arg [/lib/x86_64-linux-gnu/crt1.o] ==> obj [/lib/x86_64-linux-gnu/crt1.o]
    arg [/lib/x86_64-linux-gnu/crti.o] ==> obj [/lib/x86_64-linux-gnu/crti.o]
    arg [/usr/lib/gcc/x86_64-linux-gnu/11/crtbegin.o] ==> obj [/usr/lib/gcc/x86_64-linux-gnu/11/crtbegin.o]
    arg [-L/home/kansx/node_modules/llvm-14.0.0.obj/bin/../lib/x86_64-unknown-linux-gnu] ==> dir [/home/kansx/node_modules/llvm-14.0.0.obj/bin/../lib/x86_64-unknown-linux-gnu]
    arg [-L/usr/lib/gcc/x86_64-linux-gnu/11] ==> dir [/usr/lib/gcc/x86_64-linux-gnu/11]
    arg [-L/usr/lib/gcc/x86_64-linux-gnu/11/../../../../lib64] ==> dir [/usr/lib/gcc/x86_64-linux-gnu/11/../../../../lib64]
    arg [-L/lib/x86_64-linux-gnu] ==> dir [/lib/x86_64-linux-gnu]
    arg [-L/lib/../lib64] ==> dir [/lib/../lib64]
    arg [-L/usr/lib/x86_64-linux-gnu] ==> dir [/usr/lib/x86_64-linux-gnu]
    arg [-L/usr/lib/../lib64] ==> dir [/usr/lib/../lib64]
    arg [-L/home/kansx/node_modules/llvm-14.0.0.obj/bin/../lib] ==> dir [/home/kansx/node_modules/llvm-14.0.0.obj/bin/../lib]
    arg [-L/lib] ==> dir [/lib]
    arg [-L/usr/lib] ==> dir [/usr/lib]
    arg [CMakeFiles/cmTC_9912b.dir/CMakeCCompilerABI.c.o] ==> ignore
    arg [-lgcc] ==> lib [gcc]
    arg [--as-needed] ==> ignore
    arg [-lgcc_s] ==> lib [gcc_s]
    arg [--no-as-needed] ==> ignore
    arg [-lc] ==> lib [c]
    arg [-lgcc] ==> lib [gcc]
    arg [--as-needed] ==> ignore
    arg [-lgcc_s] ==> lib [gcc_s]
    arg [--no-as-needed] ==> ignore
    arg [/usr/lib/gcc/x86_64-linux-gnu/11/crtend.o] ==> obj [/usr/lib/gcc/x86_64-linux-gnu/11/crtend.o]
    arg [/lib/x86_64-linux-gnu/crtn.o] ==> obj [/lib/x86_64-linux-gnu/crtn.o]
  collapse library dir [/home/kansx/node_modules/llvm-14.0.0.obj/bin/../lib/x86_64-unknown-linux-gnu] ==> [/home/kansx/node_modules/llvm-14.0.0.obj/lib/x86_64-unknown-linux-gnu]
  collapse library dir [/usr/lib/gcc/x86_64-linux-gnu/11] ==> [/usr/lib/gcc/x86_64-linux-gnu/11]
  collapse library dir [/usr/lib/gcc/x86_64-linux-gnu/11/../../../../lib64] ==> [/usr/lib64]
  collapse library dir [/lib/x86_64-linux-gnu] ==> [/lib/x86_64-linux-gnu]
  collapse library dir [/lib/../lib64] ==> [/lib64]
  collapse library dir [/usr/lib/x86_64-linux-gnu] ==> [/usr/lib/x86_64-linux-gnu]
  collapse library dir [/usr/lib/../lib64] ==> [/usr/lib64]
  collapse library dir [/home/kansx/node_modules/llvm-14.0.0.obj/bin/../lib] ==> [/home/kansx/node_modules/llvm-14.0.0.obj/lib]
  collapse library dir [/lib] ==> [/lib]
  collapse library dir [/usr/lib] ==> [/usr/lib]
  implicit libs: [gcc;gcc_s;c;gcc;gcc_s]
  implicit objs: [/lib/x86_64-linux-gnu/crt1.o;/lib/x86_64-linux-gnu/crti.o;/usr/lib/gcc/x86_64-linux-gnu/11/crtbegin.o;/usr/lib/gcc/x86_64-linux-gnu/11/crtend.o;/lib/x86_64-linux-gnu/crtn.o]
  implicit dirs: [/home/kansx/node_modules/llvm-14.0.0.obj/lib/x86_64-unknown-linux-gnu;/usr/lib/gcc/x86_64-linux-gnu/11;/usr/lib64;/lib/x86_64-linux-gnu;/lib64;/usr/lib/x86_64-linux-gnu;/home/kansx/node_modules/llvm-14.0.0.obj/lib;/lib;/usr/lib]
  implicit fwks: []


Performing C SOURCE FILE Test HAVE_LD_VERSION_SCRIPT succeeded with the following output:
Change Dir: /home/kansx/Downloads/libpng-1.6.40/CMakeFiles/CMakeTmp

Run Build Command(s):/usr/bin/gmake -f Makefile cmTC_4f6d5/fast && /usr/bin/gmake  -f CMakeFiles/cmTC_4f6d5.dir/build.make CMakeFiles/cmTC_4f6d5.dir/build
gmake[1]: Entering directory '/home/kansx/Downloads/libpng-1.6.40/CMakeFiles/CMakeTmp'
Building C object CMakeFiles/cmTC_4f6d5.dir/src.c.o
/usr/local/bin/wllvm -DHAVE_LD_VERSION_SCRIPT  -fPIC -MD -MT CMakeFiles/cmTC_4f6d5.dir/src.c.o -MF CMakeFiles/cmTC_4f6d5.dir/src.c.o.d -o CMakeFiles/cmTC_4f6d5.dir/src.c.o -c /home/kansx/Downloads/libpng-1.6.40/CMakeFiles/CMakeTmp/src.c
Linking C executable cmTC_4f6d5
/usr/bin/cmake -E cmake_link_script CMakeFiles/cmTC_4f6d5.dir/link.txt --verbose=1
/usr/local/bin/wllvm  -fPIC -rdynamic CMakeFiles/cmTC_4f6d5.dir/src.c.o -o cmTC_4f6d5 
gmake[1]: Leaving directory '/home/kansx/Downloads/libpng-1.6.40/CMakeFiles/CMakeTmp'


Source file was:

void sym1(void) {}
void sym2(void) {}
int main(void) { return 0; }

